<?xml version="1.0" encoding="UTF-8"?>
<!-- Generated by org.testng.reporters.JUnitXMLReporter -->
<testsuite ignored="0" hostname="DESKTOP-O7FM0QK" failures="2" tests="2" name="Test" time="54.46" errors="0" timestamp="2026-09-10T18:03:56 IST">
  <testcase classname="testCases.TC01_AccountRegistrationTest" name="verify_Account_registration" time="20.093">
    <failure type="java.lang.AssertionError" message="null">
      <![CDATA[java.lang.AssertionError: null
at testCases.TC01_AccountRegistrationTest.verify_Account_registration(TC01_AccountRegistrationTest.java:58)
at java.base/java.util.ArrayList.forEach(ArrayList.java:1596)
... Removed 31 stack frames]]>
    </failure>
  </testcase> <!-- verify_Account_registration -->
  <testcase classname="testCases.TC02_LoginTest" name="verify_Login" time="20.085">
    <failure type="java.lang.AssertionError" message="null">
      <![CDATA[java.lang.AssertionError: null
at testCases.TC02_LoginTest.verify_Login(TC02_LoginTest.java:39)
at java.base/java.util.ArrayList.forEach(ArrayList.java:1596)
... Removed 31 stack frames]]>
    </failure>
  </testcase> <!-- verify_Login -->
</testsuite> <!-- Test -->
