<?xml version="1.0" encoding="UTF-8"?>
<testng-results ignored="0" total="1" passed="1" failed="0" skipped="0">
  <reporter-output>
  </reporter-output>
  <suite started-at="2026-09-05T15:23:20 IST" name="Suite" finished-at="2026-09-05T15:23:48 IST" duration-ms="27676">
    <groups>
    </groups>
    <test started-at="2026-09-05T15:23:20 IST" name="Test" finished-at="2026-09-05T15:23:48 IST" duration-ms="27676">
      <class name="testCases.TC02_LoginTest">
        <test-method is-config="true" signature="setup(java.lang.String,java.lang.String)[pri:0, instance:testCases.TC02_LoginTest@6f03482]" started-at="2026-09-05T15:23:20 IST" name="setup" finished-at="2026-09-05T15:23:44 IST" duration-ms="23947" status="PASS">
          <params>
            <param index="0">
              <value>
                <![CDATA[Window]]>
              </value>
            </param>
            <param index="1">
              <value>
                <![CDATA[chrome]]>
              </value>
            </param>
          </params>
          <reporter-output>
          </reporter-output>
        </test-method> <!-- setup -->
        <test-method signature="verify_Login()[pri:0, instance:testCases.TC02_LoginTest@6f03482]" started-at="2026-09-05T15:23:44 IST" name="verify_Login" finished-at="2026-09-05T15:23:47 IST" duration-ms="2999" status="PASS">
          <reporter-output>
          </reporter-output>
        </test-method> <!-- verify_Login -->
        <test-method is-config="true" signature="tearDown()[pri:0, instance:testCases.TC02_LoginTest@6f03482]" started-at="2026-09-05T15:23:47 IST" name="tearDown" finished-at="2026-09-05T15:23:48 IST" duration-ms="520" status="PASS">
          <reporter-output>
          </reporter-output>
        </test-method> <!-- tearDown -->
      </class> <!-- testCases.TC02_LoginTest -->
    </test> <!-- Test -->
  </suite> <!-- Suite -->
</testng-results>
