<?xml version="1.0" encoding="UTF-8"?>
<testng-results ignored="0" total="2" passed="2" failed="0" skipped="0">
  <reporter-output>
  </reporter-output>
  <suite started-at="2026-09-10T17:35:55 IST" name="Suite" finished-at="2026-09-10T17:36:19 IST" duration-ms="24255">
    <groups>
    </groups>
    <test started-at="2026-09-10T17:35:55 IST" name="Test" finished-at="2026-09-10T17:36:19 IST" duration-ms="24255">
      <class name="testCases.TC01_AccountRegistrationTest">
        <test-method is-config="true" signature="setup(java.lang.String,java.lang.String)[pri:0, instance:testCases.TC01_AccountRegistrationTest@460ebd80]" started-at="2026-09-10T17:35:55 IST" name="setup" finished-at="2026-09-10T17:36:00 IST" duration-ms="4904" status="PASS">
          <params>
            <param index="0">
              <value>
                <![CDATA[Window]]>
              </value>
            </param>
            <param index="1">
              <value>
                <![CDATA[chrome]]>
              </value>
            </param>
          </params>
          <reporter-output>
          </reporter-output>
        </test-method> <!-- setup -->
        <test-method signature="verify_Account_registration()[pri:0, instance:testCases.TC01_AccountRegistrationTest@460ebd80]" started-at="2026-09-10T17:36:00 IST" name="verify_Account_registration" finished-at="2026-09-10T17:36:13 IST" duration-ms="13430" status="PASS">
          <reporter-output>
          </reporter-output>
        </test-method> <!-- verify_Account_registration -->
        <test-method is-config="true" signature="tearDown()[pri:0, instance:testCases.TC01_AccountRegistrationTest@460ebd80]" started-at="2026-09-10T17:36:13 IST" name="tearDown" finished-at="2026-09-10T17:36:13 IST" duration-ms="318" status="PASS">
          <reporter-output>
          </reporter-output>
        </test-method> <!-- tearDown -->
      </class> <!-- testCases.TC01_AccountRegistrationTest -->
      <class name="testCases.TC02_LoginTest">
        <test-method is-config="true" signature="setup(java.lang.String,java.lang.String)[pri:0, instance:testCases.TC02_LoginTest@40238dd0]" started-at="2026-09-10T17:36:13 IST" name="setup" finished-at="2026-09-10T17:36:16 IST" duration-ms="3166" status="PASS">
          <params>
            <param index="0">
              <value>
                <![CDATA[Window]]>
              </value>
            </param>
            <param index="1">
              <value>
                <![CDATA[chrome]]>
              </value>
            </param>
          </params>
          <reporter-output>
          </reporter-output>
        </test-method> <!-- setup -->
        <test-method signature="verify_Login()[pri:0, instance:testCases.TC02_LoginTest@40238dd0]" started-at="2026-09-10T17:36:16 IST" name="verify_Login" finished-at="2026-09-10T17:36:19 IST" duration-ms="2058" status="PASS">
          <reporter-output>
          </reporter-output>
        </test-method> <!-- verify_Login -->
        <test-method is-config="true" signature="tearDown()[pri:0, instance:testCases.TC02_LoginTest@40238dd0]" started-at="2026-09-10T17:36:19 IST" name="tearDown" finished-at="2026-09-10T17:36:19 IST" duration-ms="310" status="PASS">
          <reporter-output>
          </reporter-output>
        </test-method> <!-- tearDown -->
      </class> <!-- testCases.TC02_LoginTest -->
    </test> <!-- Test -->
  </suite> <!-- Suite -->
</testng-results>
